{"/home/pol/pro/rest_api_template_ts/src/utils/encryption/index.ts": {"path":"/home/pol/pro/rest_api_template_ts/src/utils/encryption/index.ts","statementMap":{"0":{"start":{"line":1,"column":0},"end":{"line":1,"column":28}},"1":{"start":{"line":3,"column":20},"end":{"line":6,"column":1}},"2":{"start":{"line":4,"column":18},"end":{"line":4,"column":49}},"3":{"start":{"line":5,"column":2},"end":{"line":5,"column":17}},"4":{"start":{"line":3,"column":13},"end":{"line":3,"column":20}},"5":{"start":{"line":8,"column":23},"end":{"line":11,"column":1}},"6":{"start":{"line":9,"column":16},"end":{"line":9,"column":55}},"7":{"start":{"line":10,"column":2},"end":{"line":10,"column":15}},"8":{"start":{"line":8,"column":13},"end":{"line":8,"column":23}}},"fnMap":{"0":{"name":"(anonymous_1)","decl":{"start":{"line":3,"column":20},"end":{"line":3,"column":25}},"loc":{"start":{"line":3,"column":47},"end":{"line":6,"column":1}}},"1":{"name":"(anonymous_2)","decl":{"start":{"line":8,"column":23},"end":{"line":8,"column":28}},"loc":{"start":{"line":8,"column":67},"end":{"line":11,"column":1}}}},"branchMap":{},"s":{"0":1,"1":1,"2":4,"3":4,"4":1,"5":1,"6":3,"7":3,"8":1},"f":{"0":4,"1":3},"b":{}}
,"/home/pol/pro/rest_api_template_ts/src/utils/errors/index.ts": {"path":"/home/pol/pro/rest_api_template_ts/src/utils/errors/index.ts","statementMap":{"0":{"start":{"line":6,"column":4},"end":{"line":6,"column":19}},"1":{"start":{"line":4,"column":0},"end":{"line":4,"column":13}},"2":{"start":{"line":12,"column":4},"end":{"line":12,"column":19}},"3":{"start":{"line":10,"column":0},"end":{"line":10,"column":13}},"4":{"start":{"line":18,"column":4},"end":{"line":18,"column":19}},"5":{"start":{"line":16,"column":0},"end":{"line":16,"column":13}},"6":{"start":{"line":24,"column":4},"end":{"line":24,"column":19}},"7":{"start":{"line":22,"column":0},"end":{"line":22,"column":13}},"8":{"start":{"line":30,"column":4},"end":{"line":30,"column":19}},"9":{"start":{"line":28,"column":0},"end":{"line":28,"column":13}},"10":{"start":{"line":36,"column":4},"end":{"line":36,"column":19}},"11":{"start":{"line":34,"column":0},"end":{"line":34,"column":13}},"12":{"start":{"line":42,"column":4},"end":{"line":42,"column":19}},"13":{"start":{"line":40,"column":0},"end":{"line":40,"column":13}},"14":{"start":{"line":48,"column":4},"end":{"line":48,"column":19}},"15":{"start":{"line":46,"column":0},"end":{"line":46,"column":13}}},"fnMap":{"0":{"name":"(anonymous_0)","decl":{"start":{"line":5,"column":2},"end":{"line":5,"column":14}},"loc":{"start":{"line":5,"column":37},"end":{"line":7,"column":3}}},"1":{"name":"(anonymous_1)","decl":{"start":{"line":11,"column":2},"end":{"line":11,"column":14}},"loc":{"start":{"line":11,"column":38},"end":{"line":13,"column":3}}},"2":{"name":"(anonymous_2)","decl":{"start":{"line":17,"column":2},"end":{"line":17,"column":14}},"loc":{"start":{"line":17,"column":35},"end":{"line":19,"column":3}}},"3":{"name":"(anonymous_3)","decl":{"start":{"line":23,"column":2},"end":{"line":23,"column":14}},"loc":{"start":{"line":23,"column":44},"end":{"line":25,"column":3}}},"4":{"name":"(anonymous_4)","decl":{"start":{"line":29,"column":2},"end":{"line":29,"column":14}},"loc":{"start":{"line":29,"column":34},"end":{"line":31,"column":3}}},"5":{"name":"(anonymous_5)","decl":{"start":{"line":35,"column":2},"end":{"line":35,"column":14}},"loc":{"start":{"line":35,"column":48},"end":{"line":37,"column":3}}},"6":{"name":"(anonymous_6)","decl":{"start":{"line":41,"column":2},"end":{"line":41,"column":14}},"loc":{"start":{"line":41,"column":46},"end":{"line":43,"column":3}}},"7":{"name":"(anonymous_7)","decl":{"start":{"line":47,"column":2},"end":{"line":47,"column":14}},"loc":{"start":{"line":47,"column":41},"end":{"line":49,"column":3}}}},"branchMap":{"0":{"loc":{"start":{"line":5,"column":14},"end":{"line":5,"column":37}},"type":"default-arg","locations":[{"start":{"line":5,"column":24},"end":{"line":5,"column":37}}]},"1":{"loc":{"start":{"line":11,"column":14},"end":{"line":11,"column":38}},"type":"default-arg","locations":[{"start":{"line":11,"column":24},"end":{"line":11,"column":38}}]},"2":{"loc":{"start":{"line":17,"column":14},"end":{"line":17,"column":35}},"type":"default-arg","locations":[{"start":{"line":17,"column":24},"end":{"line":17,"column":35}}]},"3":{"loc":{"start":{"line":23,"column":14},"end":{"line":23,"column":44}},"type":"default-arg","locations":[{"start":{"line":23,"column":24},"end":{"line":23,"column":44}}]},"4":{"loc":{"start":{"line":29,"column":14},"end":{"line":29,"column":34}},"type":"default-arg","locations":[{"start":{"line":29,"column":24},"end":{"line":29,"column":34}}]},"5":{"loc":{"start":{"line":35,"column":14},"end":{"line":35,"column":48}},"type":"default-arg","locations":[{"start":{"line":35,"column":24},"end":{"line":35,"column":48}}]},"6":{"loc":{"start":{"line":41,"column":14},"end":{"line":41,"column":46}},"type":"default-arg","locations":[{"start":{"line":41,"column":24},"end":{"line":41,"column":46}}]},"7":{"loc":{"start":{"line":47,"column":14},"end":{"line":47,"column":41}},"type":"default-arg","locations":[{"start":{"line":47,"column":24},"end":{"line":47,"column":41}}]}},"s":{"0":1,"1":1,"2":1,"3":1,"4":1,"5":1,"6":1,"7":1,"8":1,"9":1,"10":1,"11":1,"12":1,"13":1,"14":1,"15":1},"f":{"0":1,"1":1,"2":1,"3":1,"4":1,"5":1,"6":1,"7":1},"b":{"0":[1],"1":[1],"2":[1],"3":[1],"4":[1],"5":[1],"6":[1],"7":[1]}}
,"/home/pol/pro/rest_api_template_ts/src/utils/fs/index.ts": {"path":"/home/pol/pro/rest_api_template_ts/src/utils/fs/index.ts","statementMap":{"0":{"start":{"line":1,"column":0},"end":{"line":1,"column":20}},"1":{"start":{"line":4,"column":28},"end":{"line":13,"column":4}},"2":{"start":{"line":5,"column":2},"end":{"line":13,"column":4}},"3":{"start":{"line":6,"column":4},"end":{"line":12,"column":7}},"4":{"start":{"line":7,"column":6},"end":{"line":11,"column":null}},"5":{"start":{"line":8,"column":8},"end":{"line":8,"column":22}},"6":{"start":{"line":10,"column":8},"end":{"line":10,"column":24}},"7":{"start":{"line":4,"column":13},"end":{"line":4,"column":28}},"8":{"start":{"line":15,"column":29},"end":{"line":24,"column":4}},"9":{"start":{"line":16,"column":2},"end":{"line":24,"column":4}},"10":{"start":{"line":17,"column":4},"end":{"line":23,"column":7}},"11":{"start":{"line":18,"column":6},"end":{"line":22,"column":null}},"12":{"start":{"line":19,"column":8},"end":{"line":19,"column":22}},"13":{"start":{"line":21,"column":8},"end":{"line":21,"column":24}},"14":{"start":{"line":15,"column":13},"end":{"line":15,"column":29}}},"fnMap":{"0":{"name":"(anonymous_1)","decl":{"start":{"line":4,"column":28},"end":{"line":4,"column":29}},"loc":{"start":{"line":5,"column":2},"end":{"line":13,"column":4}}},"1":{"name":"(anonymous_2)","decl":{"start":{"line":5,"column":24},"end":{"line":5,"column":25}},"loc":{"start":{"line":5,"column":44},"end":{"line":13,"column":3}}},"2":{"name":"(anonymous_3)","decl":{"start":{"line":6,"column":25},"end":{"line":6,"column":26}},"loc":{"start":{"line":6,"column":43},"end":{"line":12,"column":5}}},"3":{"name":"(anonymous_4)","decl":{"start":{"line":15,"column":29},"end":{"line":15,"column":30}},"loc":{"start":{"line":16,"column":2},"end":{"line":24,"column":4}}},"4":{"name":"(anonymous_5)","decl":{"start":{"line":16,"column":22},"end":{"line":16,"column":23}},"loc":{"start":{"line":16,"column":42},"end":{"line":24,"column":3}}},"5":{"name":"(anonymous_6)","decl":{"start":{"line":17,"column":26},"end":{"line":17,"column":27}},"loc":{"start":{"line":17,"column":44},"end":{"line":23,"column":5}}}},"branchMap":{"0":{"loc":{"start":{"line":7,"column":6},"end":{"line":11,"column":null}},"type":"if","locations":[{"start":{"line":7,"column":6},"end":{"line":11,"column":null}},{"start":{"line":9,"column":13},"end":{"line":11,"column":null}}]},"1":{"loc":{"start":{"line":18,"column":6},"end":{"line":22,"column":null}},"type":"if","locations":[{"start":{"line":18,"column":6},"end":{"line":22,"column":null}},{"start":{"line":20,"column":13},"end":{"line":22,"column":null}}]}},"s":{"0":1,"1":1,"2":2,"3":2,"4":2,"5":1,"6":1,"7":1,"8":1,"9":2,"10":2,"11":2,"12":1,"13":1,"14":1},"f":{"0":2,"1":2,"2":2,"3":2,"4":2,"5":2},"b":{"0":[1,1],"1":[1,1]}}
,"/home/pol/pro/rest_api_template_ts/src/utils/validation/index.ts": {"path":"/home/pol/pro/rest_api_template_ts/src/utils/validation/index.ts","statementMap":{"0":{"start":{"line":1,"column":35},"end":{"line":28,"column":1}},"1":{"start":{"line":5,"column":2},"end":{"line":27,"column":null}},"2":{"start":{"line":6,"column":4},"end":{"line":23,"column":null}},"3":{"start":{"line":7,"column":25},"end":{"line":7,"column":58}},"4":{"start":{"line":8,"column":21},"end":{"line":10,"column":null}},"5":{"start":{"line":12,"column":23},"end":{"line":12,"column":52}},"6":{"start":{"line":13,"column":6},"end":{"line":20,"column":null}},"7":{"start":{"line":14,"column":8},"end":{"line":14,"column":29}},"8":{"start":{"line":15,"column":8},"end":{"line":19,"column":10}},"9":{"start":{"line":21,"column":6},"end":{"line":21,"column":27}},"10":{"start":{"line":22,"column":6},"end":{"line":22,"column":57}},"11":{"start":{"line":24,"column":4},"end":{"line":24,"column":53}},"12":{"start":{"line":26,"column":4},"end":{"line":26,"column":63}},"13":{"start":{"line":1,"column":13},"end":{"line":1,"column":35}}},"fnMap":{"0":{"name":"(anonymous_0)","decl":{"start":{"line":1,"column":35},"end":{"line":1,"column":40}},"loc":{"start":{"line":4,"column":62},"end":{"line":28,"column":1}}}},"branchMap":{"0":{"loc":{"start":{"line":6,"column":4},"end":{"line":23,"column":null}},"type":"if","locations":[{"start":{"line":6,"column":4},"end":{"line":23,"column":null}}]},"1":{"loc":{"start":{"line":13,"column":6},"end":{"line":20,"column":null}},"type":"if","locations":[{"start":{"line":13,"column":6},"end":{"line":20,"column":null}}]}},"s":{"0":1,"1":15,"2":15,"3":5,"4":0,"5":0,"6":0,"7":0,"8":0,"9":0,"10":0,"11":10,"12":5,"13":1},"f":{"0":15},"b":{"0":[5],"1":[0]}}
}
