TN:
SF:src/utils/encryption/index.ts
FN:3,(anonymous_1)
FN:8,(anonymous_2)
FNF:2
FNH:2
FNDA:4,(anonymous_1)
FNDA:3,(anonymous_2)
DA:1,1
DA:3,1
DA:4,4
DA:5,4
DA:8,1
DA:9,3
DA:10,3
LF:7
LH:7
BRF:0
BRH:0
end_of_record
TN:
SF:src/utils/errors/index.ts
FN:5,(anonymous_0)
FN:11,(anonymous_1)
FN:17,(anonymous_2)
FN:23,(anonymous_3)
FN:29,(anonymous_4)
FN:35,(anonymous_5)
FN:41,(anonymous_6)
FN:47,(anonymous_7)
FNF:8
FNH:8
FNDA:1,(anonymous_0)
FNDA:1,(anonymous_1)
FNDA:1,(anonymous_2)
FNDA:1,(anonymous_3)
FNDA:1,(anonymous_4)
FNDA:1,(anonymous_5)
FNDA:1,(anonymous_6)
FNDA:1,(anonymous_7)
DA:4,1
DA:6,1
DA:10,1
DA:12,1
DA:16,1
DA:18,1
DA:22,1
DA:24,1
DA:28,1
DA:30,1
DA:34,1
DA:36,1
DA:40,1
DA:42,1
DA:46,1
DA:48,1
LF:16
LH:16
BRDA:5,0,0,1
BRDA:11,1,0,1
BRDA:17,2,0,1
BRDA:23,3,0,1
BRDA:29,4,0,1
BRDA:35,5,0,1
BRDA:41,6,0,1
BRDA:47,7,0,1
BRF:8
BRH:8
end_of_record
TN:
SF:src/utils/fs/index.ts
FN:4,(anonymous_1)
FN:5,(anonymous_2)
FN:6,(anonymous_3)
FN:15,(anonymous_4)
FN:16,(anonymous_5)
FN:17,(anonymous_6)
FNF:6
FNH:6
FNDA:2,(anonymous_1)
FNDA:2,(anonymous_2)
FNDA:2,(anonymous_3)
FNDA:2,(anonymous_4)
FNDA:2,(anonymous_5)
FNDA:2,(anonymous_6)
DA:1,1
DA:4,1
DA:5,2
DA:6,2
DA:7,2
DA:8,1
DA:10,1
DA:15,1
DA:16,2
DA:17,2
DA:18,2
DA:19,1
DA:21,1
LF:13
LH:13
BRDA:7,0,0,1
BRDA:7,0,1,1
BRDA:18,1,0,1
BRDA:18,1,1,1
BRF:4
BRH:4
end_of_record
TN:
SF:src/utils/validation/index.ts
FN:1,(anonymous_0)
FNF:1
FNH:1
FNDA:15,(anonymous_0)
DA:1,1
DA:5,15
DA:6,15
DA:7,5
DA:8,0
DA:12,0
DA:13,0
DA:14,0
DA:15,0
DA:21,0
DA:22,0
DA:24,10
DA:26,5
LF:13
LH:6
BRDA:6,0,0,5
BRDA:13,1,0,0
BRF:2
BRH:1
end_of_record
